#
# There is insufficient memory for the Java Runtime Environment to continue.
# Native memory allocation (mmap) failed to map 100663296 bytes. Error detail: G1 virtual space
# Possible reasons:
#   The system is out of physical RAM or swap space
#   This process is running with CompressedOops enabled, and the Java Heap may be blocking the growth of the native heap
# Possible solutions:
#   Reduce memory load on the system
#   Increase physical memory or swap space
#   Check if swap backing store is full
#   Decrease Java heap size (-Xmx/-Xms)
#   Decrease number of Java threads
#   Decrease Java thread stack sizes (-Xss)
#   Set larger code cache with -XX:ReservedCodeCacheSize=
#   JVM is running with Unscaled Compressed Oops mode in which the Java heap is
#     placed in the first 4GB address space. The Java Heap base address is the
#     maximum limit for the native heap growth. Please use -XX:HeapBaseMinAddress
#     to set the Java Heap base and to place the Java Heap above 4GB virtual address.
# This output file may be truncated or incomplete.
#
#  Out of Memory Error (os_windows.cpp:3631), pid=26544, tid=12344
#
# JRE version:  (22.0+36) (build )
# Java VM: Java HotSpot(TM) 64-Bit Server VM (22+36-2370, mixed mode, sharing, tiered, compressed oops, compressed class ptrs, g1 gc, windows-amd64)
# No core dump will be written. Minidumps are not enabled by default on client versions of Windows
#

---------------  S U M M A R Y ------------

Command Line: -Dfile.encoding=UTF-8 -Dstdout.encoding=UTF-8 -Dstderr.encoding=UTF-8 -XX:+ShowCodeDetailsInExceptionMessages com.movie.client.MovieTicketBookingApp

Host: AMD Ryzen 3 3250U with Radeon Graphics         , 4 cores, 5G,  Windows 11 , 64 bit Build 26100 (10.0.26100.2454)
Time: Sat Dec 28 01:04:07 2024 India Standard Time elapsed time: 0.047841 seconds (0d 0h 0m 0s)

---------------  T H R E A D  ---------------

Current thread (0x00000159c02e8d50):  JavaThread "Unknown thread" [_thread_in_vm, id=12344, stack(0x00000033ffe00000,0x00000033fff00000) (1024K)]

Stack: [0x00000033ffe00000,0x00000033fff00000]
Native frames: (J=compiled Java code, j=interpreted, Vv=VM code, C=native code)
V  [jvm.dll+0x6e2349]  (no source info available)
V  [jvm.dll+0x874ed3]  (no source info available)
V  [jvm.dll+0x8772fe]  (no source info available)
V  [jvm.dll+0x8779d3]  (no source info available)
V  [jvm.dll+0x27fcb6]  (no source info available)
V  [jvm.dll+0x6de9e5]  (no source info available)
V  [jvm.dll+0x6d34ea]  (no source info available)
V  [jvm.dll+0x35892a]  (no source info available)
V  [jvm.dll+0x360e56]  (no source info available)
V  [jvm.dll+0x3b3d7e]  (no source info available)
V  [jvm.dll+0x3b4028]  (no source info available)
V  [jvm.dll+0x32c4ec]  (no source info available)
V  [jvm.dll+0x32d0a8]  (no source info available)
V  [jvm.dll+0x83cd9c]  (no source info available)
V  [jvm.dll+0x3c0cc1]  (no source info available)
V  [jvm.dll+0x825d8c]  (no source info available)
V  [jvm.dll+0x45b9ee]  (no source info available)
V  [jvm.dll+0x45d871]  (no source info available)
C  [jli.dll+0x52a3]  (no source info available)
C  [ucrtbase.dll+0x14ea0]  (no source info available)
C  [KERNEL32.DLL+0x2e8d7]  (no source info available)
C  [ntdll.dll+0xdfbcc]  (no source info available)


---------------  P R O C E S S  ---------------

Threads class SMR info:
_java_thread_list=0x00007ffb5db4c1c8, length=0, elements={
}

Java Threads: ( => current thread )
Total: 0

Other Threads:
  0x00000159c247c220 WorkerThread "GC Thread#0"                     [id=25724, stack(0x00000033fff00000,0x0000003400000000) (1024K)]
  0x00000159c248a710 ConcurrentGCThread "G1 Main Marker"            [id=7248, stack(0x0000003380000000,0x0000003380100000) (1024K)]
  0x00000159c248c4e0 WorkerThread "G1 Conc#0"                       [id=5016, stack(0x0000003380100000,0x0000003380200000) (1024K)]

[error occurred during error reporting (printing all threads), id 0xc0000005, EXCEPTION_ACCESS_VIOLATION (0xc0000005) at pc=0x00007ffb5d29f2b7]
VM state: not at safepoint (not fully initialized)

VM Mutex/Monitor currently owned by a thread:  ([mutex/lock_event])
[0x00007ffb5dbcccc8] Heap_lock - owner thread: 0x00000159c02e8d50

Heap address: 0x00000000a0e00000, size: 1522 MB, Compressed Oops mode: 32-bit

CDS archive(s) mapped at: [0x0000000000000000-0x0000000000000000-0x0000000000000000), size 0, SharedBaseAddress: 0x0000000800000000, ArchiveRelocationMode: 1.
Narrow klass base: 0x0000000000000000, Narrow klass shift: 0, Narrow klass range: 0x0

GC Precious Log:
 CardTable entry size: 512
 Card Set container configuration: InlinePtr #cards 5 size 8 Array Of Cards #cards 12 size 40 Howl #buckets 4 coarsen threshold 1843 Howl Bitmap #cards 512 size 80 coarsen threshold 460 Card regions per heap region 1 cards per card region 2048

Heap:
 garbage-first heap   total reserved 1558528K, committed 0K, used 0K [0x00000000a0e00000, 0x0000000100000000)
  region size 1024K, 0 young (0K), 0 survivors (0K)

[error occurred during error reporting (printing heap information), id 0xc0000005, EXCEPTION_ACCESS_VIOLATION (0xc0000005) at pc=0x00007ffb5d69e4e9]
GC Heap History (0 events):
No events

Dll operation events (1 events):
Event: 0.030 Loaded shared library C:\Program Files\Java\jdk-22\bin\java.dll

Deoptimization events (0 events):
No events

Classes loaded (0 events):
No events

Classes unloaded (0 events):
No events

Classes redefined (0 events):
No events

Internal exceptions (0 events):
No events

ZGC Phase Switch (0 events):
No events

VM Operations (0 events):
No events

Events (0 events):
No events


Dynamic libraries:
0x00007ff6cf340000 - 0x00007ff6cf350000 	C:\Program Files\Java\jdk-22\bin\javaw.exe
0x00007ffba5540000 - 0x00007ffba57a3000 	C:\WINDOWS\SYSTEM32\ntdll.dll
0x00007ffba3d00000 - 0x00007ffba3dc8000 	C:\WINDOWS\System32\KERNEL32.DLL
0x00007ffba2c80000 - 0x00007ffba3032000 	C:\WINDOWS\System32\KERNELBASE.dll
0x00007ffba2a90000 - 0x00007ffba2bdb000 	C:\WINDOWS\System32\ucrtbase.dll
0x00007ffb8ce50000 - 0x00007ffb8ce67000 	C:\Program Files\Java\jdk-22\bin\jli.dll
0x00007ffba4bc0000 - 0x00007ffba4c74000 	C:\WINDOWS\System32\ADVAPI32.dll
0x00007ffba3720000 - 0x00007ffba37c9000 	C:\WINDOWS\System32\msvcrt.dll
0x00007ffba3f00000 - 0x00007ffba3fa6000 	C:\WINDOWS\System32\sechost.dll
0x00007ffb8a2a0000 - 0x00007ffb8a2bb000 	C:\Program Files\Java\jdk-22\bin\VCRUNTIME140.dll
0x00007ffba3de0000 - 0x00007ffba3ef6000 	C:\WINDOWS\System32\RPCRT4.dll
0x00007ffba4200000 - 0x00007ffba43c8000 	C:\WINDOWS\System32\USER32.dll
0x00007ffba32b0000 - 0x00007ffba32d7000 	C:\WINDOWS\System32\win32u.dll
0x00007ffba3fb0000 - 0x00007ffba3fda000 	C:\WINDOWS\System32\GDI32.dll
0x00007ffba3040000 - 0x00007ffba316b000 	C:\WINDOWS\System32\gdi32full.dll
0x00007ffba3170000 - 0x00007ffba3213000 	C:\WINDOWS\System32\msvcp_win.dll
0x00007ffb8e2d0000 - 0x00007ffb8e560000 	C:\WINDOWS\WinSxS\amd64_microsoft.windows.common-controls_6595b64144ccf1df_6.0.26100.2454_none_3e0b68a2e331ad60\COMCTL32.dll
0x00007ffb9a7c0000 - 0x00007ffb9a7cb000 	C:\WINDOWS\SYSTEM32\VERSION.dll
0x00007ffba4140000 - 0x00007ffba416f000 	C:\WINDOWS\System32\IMM32.DLL
0x00007ffb97a80000 - 0x00007ffb97a8c000 	C:\Program Files\Java\jdk-22\bin\vcruntime140_1.dll
0x00007ffb64a10000 - 0x00007ffb64a9e000 	C:\Program Files\Java\jdk-22\bin\msvcp140.dll
0x00007ffb5cf60000 - 0x00007ffb5dca8000 	C:\Program Files\Java\jdk-22\bin\server\jvm.dll
0x00007ffba4180000 - 0x00007ffba41f4000 	C:\WINDOWS\System32\WS2_32.dll
0x00007ffb9a780000 - 0x00007ffb9a7b6000 	C:\WINDOWS\SYSTEM32\WINMM.dll
0x00007ffba27a0000 - 0x00007ffba27ee000 	C:\WINDOWS\SYSTEM32\POWRPROF.dll
0x00007ffba2780000 - 0x00007ffba2794000 	C:\WINDOWS\SYSTEM32\UMPDC.dll
0x00007ffba1750000 - 0x00007ffba176a000 	C:\WINDOWS\SYSTEM32\kernel.appcore.dll
0x00007ffb93d10000 - 0x00007ffb93d1a000 	C:\Program Files\Java\jdk-22\bin\jimage.dll
0x00007ffb9b6f0000 - 0x00007ffb9b931000 	C:\WINDOWS\SYSTEM32\DBGHELP.DLL
0x00007ffba4c80000 - 0x00007ffba4ffe000 	C:\WINDOWS\System32\combase.dll
0x00007ffba3b70000 - 0x00007ffba3c46000 	C:\WINDOWS\System32\OLEAUT32.dll
0x00007ffb89ae0000 - 0x00007ffb89b19000 	C:\WINDOWS\SYSTEM32\dbgcore.DLL
0x00007ffba2be0000 - 0x00007ffba2c79000 	C:\WINDOWS\System32\bcryptPrimitives.dll
0x00007ffb89b60000 - 0x00007ffb89b7e000 	C:\Program Files\Java\jdk-22\bin\java.dll
0x00007ffba4460000 - 0x00007ffba4b60000 	C:\WINDOWS\System32\SHELL32.dll
0x00007ffba38c0000 - 0x00007ffba3a59000 	C:\WINDOWS\System32\ole32.dll

dbghelp: loaded successfully - version: 4.0.5 - missing functions: none
symbol engine: initialized successfully - sym options: 0x614 - pdb path: .;C:\Program Files\Java\jdk-22\bin;C:\WINDOWS\SYSTEM32;C:\WINDOWS\WinSxS\amd64_microsoft.windows.common-controls_6595b64144ccf1df_6.0.26100.2454_none_3e0b68a2e331ad60;C:\Program Files\Java\jdk-22\bin\server

VM Arguments:
jvm_args: -Dfile.encoding=UTF-8 -Dstdout.encoding=UTF-8 -Dstderr.encoding=UTF-8 -XX:+ShowCodeDetailsInExceptionMessages 
java_command: com.movie.client.MovieTicketBookingApp
java_class_path (initial): D:\workspaces\ConsoleProject\Movie_Ticket_Booking\Movie_Ticket_Booking\target\classes;C:\Users\Yash\.m2\repository\org\projectlombok\lombok\1.18.34\lombok-1.18.34.jar;C:\Users\Yash\.m2\repository\log4j\log4j\1.2.17\log4j-1.2.17.jar;C:\Users\Yash\.m2\repository\com\mysql\mysql-connector-j\8.0.33\mysql-connector-j-8.0.33.jar;C:\Users\Yash\.m2\repository\com\google\protobuf\protobuf-java\3.21.9\protobuf-java-3.21.9.jar
Launcher Type: SUN_STANDARD

[Global flags]
     intx CICompilerCount                          = 3                                         {product} {ergonomic}
     uint ConcGCThreads                            = 1                                         {product} {ergonomic}
     uint G1ConcRefinementThreads                  = 4                                         {product} {ergonomic}
   size_t G1HeapRegionSize                         = 1048576                                   {product} {ergonomic}
   size_t InitialHeapSize                          = 100663296                                 {product} {ergonomic}
   size_t MarkStackSize                            = 4194304                                   {product} {ergonomic}
   size_t MaxHeapSize                              = 1595932672                                {product} {ergonomic}
   size_t MinHeapDeltaBytes                        = 1048576                                   {product} {ergonomic}
   size_t MinHeapSize                              = 8388608                                   {product} {ergonomic}
    uintx NonNMethodCodeHeapSize                   = 5832780                                {pd product} {ergonomic}
    uintx NonProfiledCodeHeapSize                  = 122912730                              {pd product} {ergonomic}
    uintx ProfiledCodeHeapSize                     = 122912730                              {pd product} {ergonomic}
    uintx ReservedCodeCacheSize                    = 251658240                              {pd product} {ergonomic}
     bool SegmentedCodeCache                       = true                                      {product} {ergonomic}
     bool ShowCodeDetailsInExceptionMessages       = true                                   {manageable} {command line}
   size_t SoftMaxHeapSize                          = 1595932672                             {manageable} {ergonomic}
     bool UseCompressedOops                        = true                           {product lp64_product} {ergonomic}
     bool UseG1GC                                  = true                                      {product} {ergonomic}
     bool UseLargePagesIndividualAllocation        = false                                  {pd product} {ergonomic}

Logging:
Log output configuration:
 #0: stdout all=warning uptime,level,tags foldmultilines=false
 #1: stderr all=off uptime,level,tags foldmultilines=false

Environment Variables:
PATH=C:\Program Files\Common Files\Oracle\Java\javapath;C:\WINDOWS\system32;C:\WINDOWS;C:\WINDOWS\System32\Wbem;C:\WINDOWS\System32\WindowsPowerShell\v1.0\;C:\WINDOWS\System32\OpenSSH\;C:\MinGW\bin;C:\Program Files\Git\cmd;C:\Program Files\nodejs\;C:\Program Files\apache-maven-3.9.9-bin\apache-maven-3.9.9\bin;;C:\Program Files\Docker\Docker\resources\bin;C:\Users\Yash\AppData\Local\Microsoft\WindowsApps;C:\Users\Yash\AppData\Local\Programs\Microsoft VS Code\bin;C:\MinGW\bin;C:\Users\Yash\AppData\Roaming\npm;
USERNAME=Yash
OS=Windows_NT
PROCESSOR_IDENTIFIER=AMD64 Family 23 Model 24 Stepping 1, AuthenticAMD
TMP=C:\Users\Yash\AppData\Local\Temp
TEMP=C:\Users\Yash\AppData\Local\Temp




Periodic native trim disabled

---------------  S Y S T E M  ---------------

OS:
 Windows 11 , 64 bit Build 26100 (10.0.26100.2454)
OS uptime: 6 days 6:34 hours
Hyper-V role detected

CPU: total 4 (initial active 4) (4 cores per cpu, 2 threads per core) family 23 model 24 stepping 1 microcode 0x8108109, cx8, cmov, fxsr, ht, mmx, 3dnowpref, sse, sse2, sse3, ssse3, sse4a, sse4.1, sse4.2, popcnt, lzcnt, tsc, tscinvbit, avx, avx2, aes, clmul, bmi1, bmi2, adx, sha, fma, vzeroupper, clflush, clflushopt, hv, rdtscp, f16c
Processor Information for all 4 processors :
  Max Mhz: 2600, Current Mhz: 2600, Mhz Limit: 2600

Memory: 4k page, system-wide physical 6086M (487M free)
TotalPageFile size 24518M (AvailPageFile size 38M)
current process WorkingSet (physical memory assigned to process): 12M, peak: 12M
current process commit charge ("private bytes"): 52M, peak: 148M

vm_info: Java HotSpot(TM) 64-Bit Server VM (22+36-2370) for windows-amd64 JRE (22+36-2370), built on 2024-02-15T22:15:19Z by "mach5one" with MS VC++ 17.6 (VS2022)

END.
